-------------------------------------------------------------------------------
Test set: br.com.qintess.evento.eventoapp.EventoappApplicationTests
-------------------------------------------------------------------------------
Tests run: 1, Failures: 0, Errors: 1, Skipped: 0, Time elapsed: 1.41 s <<< FAILURE! - in br.com.qintess.evento.eventoapp.EventoappApplicationTests
br.com.qintess.evento.eventoapp.EventoappApplicationTests  Time elapsed: 1.406 s  <<< ERROR!
java.lang.IllegalStateException: Unable to find a @SpringBootConfiguration, you need to use @ContextConfiguration or @SpringBootTest(classes=...) with your test

